[2017-05-18 20:02:34] Executing bootstrap tasks
[2017-05-18 20:02:34] Java(TM) SE Runtime Environment 1.8.0_111-b14
[2017-05-18 20:02:34] Product org.eclipse.products.epp.package.jee.neon
[2017-05-18 20:02:34] Bundle org.eclipse.oomph.setup 1.7.0.v20170224-1311, build=2932, branch=cc66c993507ade50e4b3a824a3adb4e94c4ac25f
[2017-05-18 20:02:34] Bundle org.eclipse.oomph.setup.core 1.7.0.v20170301-0747, build=2932, branch=cc66c993507ade50e4b3a824a3adb4e94c4ac25f
[2017-05-18 20:02:34] Bundle org.eclipse.oomph.setup.p2 1.7.0.v20170217-1051, build=2932, branch=cc66c993507ade50e4b3a824a3adb4e94c4ac25f
[2017-05-18 20:02:34] Performing P2 Director (Eclipse IDE for Java EE Developers (Neon))
[2017-05-18 20:02:34] Offline = false
[2017-05-18 20:02:34] Mirrors = true
[2017-05-18 20:02:34] Resolving 63 requirements from 3 repositories to /Users/vasher/Developer/eclipse/jee-neon2/Eclipse.app/Contents/Eclipse
[2017-05-18 20:02:34] Requirement epp.package.jee [4.6.0,4.7.0)
[2017-05-18 20:02:34] Requirement org.eclipse.platform.feature.group [4.6.0,4.7.0)
[2017-05-18 20:02:34] Requirement org.eclipse.rcp.feature.group [4.6.0,4.7.0)
[2017-05-18 20:02:34] Requirement org.eclipse.cft.server.core.feature.feature.group
[2017-05-18 20:02:34] Requirement org.eclipse.cft.server.ui.feature.feature.group
[2017-05-18 20:02:34] Requirement org.eclipse.datatools.common.doc.user.feature.group
[2017-05-18 20:02:34] Requirement org.eclipse.datatools.connectivity.doc.user.feature.group
[2017-05-18 20:02:34] Requirement org.eclipse.datatools.connectivity.feature.feature.group
[2017-05-18 20:02:34] Requirement org.eclipse.datatools.doc.user.feature.group
[2017-05-18 20:02:34] Requirement org.eclipse.datatools.enablement.feature.feature.group
[2017-05-18 20:02:34] Requirement org.eclipse.datatools.intro.feature.group
[2017-05-18 20:02:34] Requirement org.eclipse.datatools.modelbase.feature.feature.group
[2017-05-18 20:02:34] Requirement org.eclipse.datatools.sqldevtools.feature.feature.group
[2017-05-18 20:02:34] Requirement org.eclipse.datatools.sqltools.doc.user.feature.group
[2017-05-18 20:02:34] Requirement org.eclipse.egit.feature.group
[2017-05-18 20:02:34] Requirement org.eclipse.egit.mylyn.feature.group
[2017-05-18 20:02:34] Requirement org.eclipse.jdt.feature.group
[2017-05-18 20:02:34] Requirement org.eclipse.jpt.common.eclipselink.feature.feature.group
[2017-05-18 20:02:34] Requirement org.eclipse.jpt.common.feature.feature.group
[2017-05-18 20:02:34] Requirement org.eclipse.jpt.dbws.eclipselink.feature.feature.group
[2017-05-18 20:02:34] Requirement org.eclipse.jpt.jaxb.eclipselink.feature.feature.group
[2017-05-18 20:02:34] Requirement org.eclipse.jpt.jaxb.feature.feature.group
[2017-05-18 20:02:34] Requirement org.eclipse.jpt.jpa.eclipselink.feature.feature.group
[2017-05-18 20:02:34] Requirement org.eclipse.jpt.jpa.feature.feature.group
[2017-05-18 20:02:34] Requirement org.eclipse.jsf.feature.feature.group
[2017-05-18 20:02:34] Requirement org.eclipse.jst.common.fproj.enablement.jdt.feature.group
[2017-05-18 20:02:34] Requirement org.eclipse.jst.enterprise_ui.feature.feature.group
[2017-05-18 20:02:34] Requirement org.eclipse.jst.jsf.apache.trinidad.tagsupport.feature.feature.group
[2017-05-18 20:02:34] Requirement org.eclipse.jst.server_adapters.ext.feature.feature.group
[2017-05-18 20:02:34] Requirement org.eclipse.jst.server_adapters.feature.feature.group
[2017-05-18 20:02:34] Requirement org.eclipse.jst.server_ui.feature.feature.group
[2017-05-18 20:02:34] Requirement org.eclipse.jst.web_ui.feature.feature.group
[2017-05-18 20:02:34] Requirement org.eclipse.jst.webpageeditor.feature.feature.group
[2017-05-18 20:02:34] Requirement org.eclipse.jst.ws.axis2tools.feature.feature.group
[2017-05-18 20:02:34] Requirement org.eclipse.jst.ws.cxf.feature.feature.group
[2017-05-18 20:02:34] Requirement org.eclipse.jst.ws.jaxws.dom.feature.feature.group
[2017-05-18 20:02:34] Requirement org.eclipse.jst.ws.jaxws.feature.feature.group
[2017-05-18 20:02:34] Requirement org.eclipse.m2e.feature.feature.group
[2017-05-18 20:02:34] Requirement org.eclipse.m2e.logback.feature.feature.group
[2017-05-18 20:02:34] Requirement org.eclipse.m2e.wtp.feature.feature.group
[2017-05-18 20:02:34] Requirement org.eclipse.m2e.wtp.jaxrs.feature.feature.group
[2017-05-18 20:02:34] Requirement org.eclipse.m2e.wtp.jpa.feature.feature.group
[2017-05-18 20:02:34] Requirement org.eclipse.m2e.wtp.jsf.feature.feature.group
[2017-05-18 20:02:34] Requirement org.eclipse.mylyn.bugzilla_feature.feature.group
[2017-05-18 20:02:34] Requirement org.eclipse.mylyn.context_feature.feature.group
[2017-05-18 20:02:34] Requirement org.eclipse.mylyn.ide_feature.feature.group
[2017-05-18 20:02:34] Requirement org.eclipse.mylyn.java_feature.feature.group
[2017-05-18 20:02:34] Requirement org.eclipse.mylyn.wikitext_feature.feature.group
[2017-05-18 20:02:34] Requirement org.eclipse.mylyn_feature.feature.group
[2017-05-18 20:02:34] Requirement org.eclipse.pde.feature.group
[2017-05-18 20:02:34] Requirement org.eclipse.recommenders.mylyn.rcp.feature.feature.group
[2017-05-18 20:02:34] Requirement org.eclipse.recommenders.rcp.feature.feature.group
[2017-05-18 20:02:34] Requirement org.eclipse.rse.feature.group
[2017-05-18 20:02:34] Requirement org.eclipse.rse.useractions.feature.group
[2017-05-18 20:02:34] Requirement org.eclipse.tm.terminal.feature.feature.group
[2017-05-18 20:02:34] Requirement org.eclipse.wst.common.fproj.feature.group
[2017-05-18 20:02:34] Requirement org.eclipse.wst.jsdt.chromium.debug.feature.feature.group
[2017-05-18 20:02:34] Requirement org.eclipse.wst.jsdt.feature.feature.group
[2017-05-18 20:02:34] Requirement org.eclipse.wst.server_adapters.feature.feature.group
[2017-05-18 20:02:34] Requirement org.eclipse.wst.web_ui.feature.feature.group
[2017-05-18 20:02:34] Requirement org.eclipse.wst.xml_ui.feature.feature.group
[2017-05-18 20:02:34] Requirement org.eclipse.wst.xsl.feature.feature.group
[2017-05-18 20:02:34] Requirement org.eclipse.oomph.setup.feature.group
[2017-05-18 20:02:34] Repository http://download.eclipse.org/technology/epp/packages/neon
[2017-05-18 20:02:34] Repository http://download.eclipse.org/releases/neon
[2017-05-18 20:02:34] Repository http://download.eclipse.org/oomph/updates/milestone/latest
[2017-05-18 20:02:35] ERROR: org.eclipse.equinox.p2.metadata.repository code=1002 Unable to read repository at http://download.eclipse.org/releases/neon.
ERROR: org.eclipse.equinox.p2.repository code=0 An error occurred while downloading http://download.eclipse.org/technology/epp/packages/neon/content.xml.xz. The cache file /Users/vasher/.p2/org.eclipse.equinox.p2.repository/cache/downloading/2079680757 could not be renamed to /Users/vasher/.p2/org.eclipse.equinox.p2.repository/cache/2079680757.
  at org.eclipse.equinox.internal.p2.repository.CacheManager.updateCache(CacheManager.java:428)
  at org.eclipse.equinox.internal.p2.repository.CacheManager.createCacheFromFile(CacheManager.java:132)
  at org.eclipse.equinox.internal.p2.metadata.repository.XZedSimpleMetadataRepositoryFactory.getLocalFile(XZedSimpleMetadataRepositoryFactory.java:56)
  at org.eclipse.equinox.internal.p2.metadata.repository.XZedSimpleMetadataRepositoryFactory.load(XZedSimpleMetadataRepositoryFactory.java:78)
  at org.eclipse.equinox.internal.p2.metadata.repository.MetadataRepositoryManager.factoryLoad(MetadataRepositoryManager.java:57)
  at org.eclipse.equinox.internal.p2.repository.helpers.AbstractRepositoryManager.loadRepository(AbstractRepositoryManager.java:768)
  at sun.reflect.NativeMethodAccessorImpl.invoke0(Native Method)
  at sun.reflect.NativeMethodAccessorImpl.invoke(NativeMethodAccessorImpl.java:62)
  at sun.reflect.DelegatingMethodAccessorImpl.invoke(DelegatingMethodAccessorImpl.java:43)
  at java.lang.reflect.Method.invoke(Method.java:498)
  at org.eclipse.oomph.util.ReflectUtil.invokeMethod(ReflectUtil.java:117)
  at org.eclipse.oomph.p2.internal.core.CachingRepositoryManager.loadRepository(CachingRepositoryManager.java:396)
  at org.eclipse.oomph.p2.internal.core.CachingRepositoryManager.loadRepository(CachingRepositoryManager.java:199)
  at org.eclipse.oomph.p2.internal.core.CachingRepositoryManager$Metadata.loadRepository(CachingRepositoryManager.java:463)
  at org.eclipse.equinox.internal.p2.metadata.repository.MetadataRepositoryManager.loadRepository(MetadataRepositoryManager.java:96)
  at org.eclipse.equinox.internal.p2.metadata.repository.MetadataRepositoryManager.loadRepository(MetadataRepositoryManager.java:92)
  at org.eclipse.equinox.internal.p2.metadata.repository.CompositeMetadataRepository.addChild(CompositeMetadataRepository.java:166)
  at org.eclipse.equinox.internal.p2.metadata.repository.CompositeMetadataRepository.<init>(CompositeMetadataRepository.java:106)
  at org.eclipse.equinox.internal.p2.metadata.repository.CompositeMetadataRepositoryFactory.load(CompositeMetadataRepositoryFactory.java:122)
  at org.eclipse.equinox.internal.p2.metadata.repository.MetadataRepositoryManager.factoryLoad(MetadataRepositoryManager.java:57)
  at org.eclipse.equinox.internal.p2.repository.helpers.AbstractRepositoryManager.loadRepository(AbstractRepositoryManager.java:768)
  at sun.reflect.NativeMethodAccessorImpl.invoke0(Native Method)
  at sun.reflect.NativeMethodAccessorImpl.invoke(NativeMethodAccessorImpl.java:62)
  at sun.reflect.DelegatingMethodAccessorImpl.invoke(DelegatingMethodAccessorImpl.java:43)
  at java.lang.reflect.Method.invoke(Method.java:498)
  at org.eclipse.oomph.util.ReflectUtil.invokeMethod(ReflectUtil.java:117)
  at org.eclipse.oomph.p2.internal.core.CachingRepositoryManager.loadRepository(CachingRepositoryManager.java:396)
  at org.eclipse.oomph.p2.internal.core.CachingRepositoryManager.loadRepository(CachingRepositoryManager.java:199)
  at org.eclipse.oomph.p2.internal.core.CachingRepositoryManager$Metadata.loadRepository(CachingRepositoryManager.java:463)
  at org.eclipse.equinox.internal.p2.metadata.repository.MetadataRepositoryManager.loadRepository(MetadataRepositoryManager.java:96)
  at org.eclipse.equinox.internal.p2.metadata.repository.MetadataRepositoryManager.loadRepository(MetadataRepositoryManager.java:92)
  at org.eclipse.oomph.p2.internal.core.ProfileTransactionImpl$RepositoryLoader$Worker.perform(ProfileTransactionImpl.java:1613)
  at org.eclipse.oomph.util.WorkerPool$Worker.run(WorkerPool.java:428)
  at org.eclipse.core.internal.jobs.Worker.run(Worker.java:55)

[2017-05-18 20:02:35] 
